0 info it worked if it ends with ok
1 verbose cli [ 'node', '/usr/bin/npm', 'install', '–g', 'mocha@1.16.2' ]
2 info using npm@3.4.1
3 info using node@v0.10.40
4 verbose node symlink /usr/sbin/node
5 silly loadCurrentTree Starting
6 silly install loadCurrentTree
7 silly install readLocalPackageData
8 silly fetchPackageMetaData –g
9 silly fetchPackageMetaData mocha@1.16.2
10 silly fetchNamedPackageData mocha
11 silly mapToRegistry name mocha
12 silly mapToRegistry using default registry
13 silly mapToRegistry registry https://registry.npmjs.org/
14 silly mapToRegistry uri https://registry.npmjs.org/mocha
15 silly fetchOtherPackageData –g
16 silly cache add args [ '–g', null ]
17 verbose cache add spec –g
18 silly cache add parsed spec { raw: '–g',
18 silly cache add   scope: null,
18 silly cache add   name: null,
18 silly cache add   rawSpec: '–g',
18 silly cache add   spec: '/home/rakshithk/workspace/UberPrototypeMQDBServer/–g',
18 silly cache add   type: 'local' }
19 error addLocal Could not install /home/rakshithk/workspace/UberPrototypeMQDBServer/–g
20 silly fetchPackageMetaData Error: ENOENT, open '/home/rakshithk/workspace/UberPrototypeMQDBServer/–g'
20 silly fetchPackageMetaData  error for –g { [Error: ENOENT, open '/home/rakshithk/workspace/UberPrototypeMQDBServer/–g']
20 silly fetchPackageMetaData   errno: 34,
20 silly fetchPackageMetaData   code: 'ENOENT',
20 silly fetchPackageMetaData   path: '/home/rakshithk/workspace/UberPrototypeMQDBServer/–g' }
21 verbose request uri https://registry.npmjs.org/mocha
22 verbose request no auth needed
23 info attempt registry request try #1 at 16:16:18
24 verbose request id a8a7fcc9e06f4523
25 verbose etag "EUG1LQ7FQC1O0ILQRE4FLIY7K"
26 http request GET https://registry.npmjs.org/mocha
27 http 304 https://registry.npmjs.org/mocha
28 verbose headers { date: 'Wed, 02 Dec 2015 00:16:18 GMT',
28 verbose headers   via: '1.1 varnish',
28 verbose headers   'cache-control': 'max-age=60',
28 verbose headers   etag: '"EUG1LQ7FQC1O0ILQRE4FLIY7K"',
28 verbose headers   age: '55',
28 verbose headers   connection: 'keep-alive',
28 verbose headers   'x-served-by': 'cache-sjc3126-SJC',
28 verbose headers   'x-cache': 'HIT',
28 verbose headers   'x-cache-hits': '1',
28 verbose headers   'x-timer': 'S1449015378.687160,VS0,VE2',
28 verbose headers   vary: 'Accept' }
29 silly get cb [ 304,
29 silly get   { date: 'Wed, 02 Dec 2015 00:16:18 GMT',
29 silly get     via: '1.1 varnish',
29 silly get     'cache-control': 'max-age=60',
29 silly get     etag: '"EUG1LQ7FQC1O0ILQRE4FLIY7K"',
29 silly get     age: '55',
29 silly get     connection: 'keep-alive',
29 silly get     'x-served-by': 'cache-sjc3126-SJC',
29 silly get     'x-cache': 'HIT',
29 silly get     'x-cache-hits': '1',
29 silly get     'x-timer': 'S1449015378.687160,VS0,VE2',
29 silly get     vary: 'Accept' } ]
30 verbose etag https://registry.npmjs.org/mocha from cache
31 verbose get saving mocha to /home/rakshithk/.npm/registry.npmjs.org/mocha/.cache.json
32 silly rollbackFailedOptional Starting
33 silly rollbackFailedOptional Finishing
34 silly runTopLevelLifecycles Starting
35 silly runTopLevelLifecycles Finishing
36 silly install printInstalled
37 verbose stack Error: ENOENT, open '/home/rakshithk/workspace/UberPrototypeMQDBServer/–g'
38 verbose cwd /home/rakshithk/workspace/UberPrototypeMQDBServer
39 error Linux 3.19.0-26-generic
40 error argv "node" "/usr/bin/npm" "install" "–g" "mocha@1.16.2"
41 error node v0.10.40
42 error npm  v3.4.1
43 error path /home/rakshithk/workspace/UberPrototypeMQDBServer/–g
44 error code ENOENT
45 error errno 34
46 error enoent ENOENT, open '/home/rakshithk/workspace/UberPrototypeMQDBServer/–g'
46 error enoent This is most likely not a problem with npm itself
46 error enoent and is related to npm not being able to find a file.
47 verbose exit [ 34, true ]
